2025-07-05 17:40:51 initial commit
2025-11-25 05:39:45 update constants
2025-03-18 00:22:10 update configs
2025-07-23 13:08:05 fix misconfiguration
2025-09-10 12:02:04 add sample data
2025-01-08 06:30:57 rollback changes
2025-01-19 23:54:28 rollback changes
2025-03-29 03:54:12 add sample data
2025-05-18 09:31:14 update constants
2025-09-25 10:27:56 reduce complexity
2025-02-11 20:40:17 update LICENSE
2025-08-21 03:14:05 add tests
2025-09-10 06:31:03 add sample data
2025-06-09 10:02:29 update metadata
2025-05-02 15:09:56 reformat code
2025-11-15 05:36:42 fix config bug
2025-04-26 00:23:33 fix timezone issue
2025-09-22 12:19:37 add TODOs
2025-07-23 03:49:39 update build script
2025-12-23 18:58:13 update API keys
2025-01-29 08:18:40 fix encoding issue
2025-12-08 21:25:52 improve logging format
2025-12-17 22:16:22 improve maintainability
2025-01-12 22:12:06 rollback changes
2025-03-31 01:01:24 add example file
